<?xml version="1.0" encoding="UTF-8"?>
<testsuite xmlns:xsi="http://www.w3.org/2001/XMLSchema-instance" xsi:noNamespaceSchemaLocation="https://maven.apache.org/surefire/maven-surefire-plugin/xsd/surefire-test-report.xsd" name="TestSuite" time="2.889" tests="30" errors="0" skipped="27" failures="3">
  <properties>
[...]
</properties>
  <testcase name="setUp" classname="com.qa.test.ItemsPageTest" time="1.645">
    <failure message="The main Appium script does not exist at &apos;C:\Users\PRAWIN\AppData\Roaming\npm\node_modules\appium\build\lib\main.js&apos;" type="io.appium.java_client.service.local.InvalidServerInstanceException">io.appium.java_client.service.local.InvalidServerInstanceException: The main Appium script does not exist at 'C:\Users\PRAWIN\AppData\Roaming\npm\node_modules\appium\build\lib\main.js'
	at com.qa.test.ItemsPageTest.setUp(ItemsPageTest.java:35)
</failure>
    <system-out><![CDATA[[TestNGContentHandler] [WARN] It is strongly recommended to add "<!DOCTYPE suite SYSTEM "http://testng.org/testng-1.0.dtd" >" at the top of your file, otherwise TestNG may fail or not work as expected.
]]></system-out>
    <system-err><![CDATA[SLF4J: Failed to load class "org.slf4j.impl.StaticLoggerBinder".
SLF4J: Defaulting to no-operation (NOP) logger implementation
SLF4J: See http://www.slf4j.org/codes.html#StaticLoggerBinder for further details.
]]></system-err>
  </testcase>
  <testcase name="setUp" classname="com.qa.test.ItemsPageTest" time="0">
    <skipped/>
  </testcase>
  <testcase name="setUp" classname="com.qa.test.ItemsPageTest" time="0">
    <skipped/>
  </testcase>
  <testcase name="setUp" classname="com.qa.test.ItemsPageTest" time="0">
    <skipped/>
  </testcase>
  <testcase name="itemPageCheck" classname="com.qa.test.ItemsPageTest" time="0">
    <skipped message="The main Appium script does not exist at &apos;C:\Users\PRAWIN\AppData\Roaming\npm\node_modules\appium\build\lib\main.js&apos;"/>
  </testcase>
  <testcase name="tearDown" classname="com.qa.test.ItemsPageTest" time="0">
    <skipped/>
  </testcase>
  <testcase name="tearDown" classname="com.qa.test.ItemsPageTest" time="0">
    <skipped/>
  </testcase>
  <testcase name="tearDown" classname="com.qa.test.ItemsPageTest" time="0">
    <skipped/>
  </testcase>
  <testcase name="tearDown" classname="com.qa.test.ItemsPageTest" time="0">
    <skipped/>
  </testcase>
  <testcase name="setUp" classname="com.qa.test.CategoryPageTest" time="2.185">
    <failure message="The main Appium script does not exist at &apos;C:\Users\PRAWIN\AppData\Roaming\npm\node_modules\appium\build\lib\main.js&apos;" type="io.appium.java_client.service.local.InvalidServerInstanceException">io.appium.java_client.service.local.InvalidServerInstanceException: The main Appium script does not exist at 'C:\Users\PRAWIN\AppData\Roaming\npm\node_modules\appium\build\lib\main.js'
	at com.qa.test.CategoryPageTest.setUp(CategoryPageTest.java:34)
</failure>
  </testcase>
  <testcase name="setUp" classname="com.qa.test.CategoryPageTest" time="0">
    <skipped/>
  </testcase>
  <testcase name="setUp" classname="com.qa.test.CategoryPageTest" time="0">
    <skipped/>
  </testcase>
  <testcase name="pageTitleTest" classname="com.qa.test.CategoryPageTest" time="0">
    <skipped message="The main Appium script does not exist at &apos;C:\Users\PRAWIN\AppData\Roaming\npm\node_modules\appium\build\lib\main.js&apos;"/>
  </testcase>
  <testcase name="tearDown" classname="com.qa.test.CategoryPageTest" time="0">
    <skipped/>
  </testcase>
  <testcase name="tearDown" classname="com.qa.test.CategoryPageTest" time="0">
    <skipped/>
  </testcase>
  <testcase name="tearDown" classname="com.qa.test.CategoryPageTest" time="0">
    <skipped/>
  </testcase>
  <testcase name="setUp" classname="com.qa.test.HomePageTest" time="2.792">
    <failure message="The main Appium script does not exist at &apos;C:\Users\PRAWIN\AppData\Roaming\npm\node_modules\appium\build\lib\main.js&apos;" type="io.appium.java_client.service.local.InvalidServerInstanceException">io.appium.java_client.service.local.InvalidServerInstanceException: The main Appium script does not exist at 'C:\Users\PRAWIN\AppData\Roaming\npm\node_modules\appium\build\lib\main.js'
	at com.qa.test.HomePageTest.setUp(HomePageTest.java:31)
</failure>
  </testcase>
  <testcase name="setUp" classname="com.qa.test.HomePageTest" time="0">
    <skipped/>
  </testcase>
  <testcase name="setUp" classname="com.qa.test.HomePageTest" time="0">
    <skipped/>
  </testcase>
  <testcase name="setUp" classname="com.qa.test.HomePageTest" time="0">
    <skipped/>
  </testcase>
  <testcase name="crmLogoImageTest" classname="com.qa.test.HomePageTest" time="0">
    <skipped message="The main Appium script does not exist at &apos;C:\Users\PRAWIN\AppData\Roaming\npm\node_modules\appium\build\lib\main.js&apos;"/>
  </testcase>
  <testcase name="tearDown" classname="com.qa.test.HomePageTest" time="0">
    <skipped/>
  </testcase>
  <testcase name="tearDown" classname="com.qa.test.HomePageTest" time="0">
    <skipped/>
  </testcase>
  <testcase name="tearDown" classname="com.qa.test.HomePageTest" time="0">
    <skipped/>
  </testcase>
  <testcase name="tearDown" classname="com.qa.test.HomePageTest" time="0">
    <skipped/>
  </testcase>
  <testcase name="searcValueTest" classname="com.qa.test.ItemsPageTest" time="0">
    <skipped message="The main Appium script does not exist at &apos;C:\Users\PRAWIN\AppData\Roaming\npm\node_modules\appium\build\lib\main.js&apos;"/>
  </testcase>
  <testcase name="categoryPageTest" classname="com.qa.test.CategoryPageTest" time="0">
    <skipped message="The main Appium script does not exist at &apos;C:\Users\PRAWIN\AppData\Roaming\npm\node_modules\appium\build\lib\main.js&apos;"/>
  </testcase>
  <testcase name="cartValueTest" classname="com.qa.test.HomePageTest" time="0">
    <skipped message="The main Appium script does not exist at &apos;C:\Users\PRAWIN\AppData\Roaming\npm\node_modules\appium\build\lib\main.js&apos;"/>
  </testcase>
  <testcase name="itemPageTest" classname="com.qa.test.ItemsPageTest" time="0">
    <skipped message="The main Appium script does not exist at &apos;C:\Users\PRAWIN\AppData\Roaming\npm\node_modules\appium\build\lib\main.js&apos;"/>
  </testcase>
  <testcase name="homePageTest" classname="com.qa.test.HomePageTest" time="0">
    <skipped message="The main Appium script does not exist at &apos;C:\Users\PRAWIN\AppData\Roaming\npm\node_modules\appium\build\lib\main.js&apos;"/>
  </testcase>
</testsuite>